\BOOKMARK [1][-]{section.1}{Review \046 Introduction \(2020/04/02\)}{}% 1
\BOOKMARK [2][-]{subsection.1.1}{Review}{section.1}% 2
\BOOKMARK [3][-]{subsubsection.1.1.1}{Distributions by Question}{subsection.1.1}% 3
\BOOKMARK [3][-]{subsubsection.1.1.2}{Independence}{subsection.1.1}% 4
\BOOKMARK [2][-]{subsection.1.2}{Introduction}{section.1}% 5
\BOOKMARK [2][-]{subsection.1.3}{Big Questions}{section.1}% 6
\BOOKMARK [2][-]{subsection.1.4}{Example: Interest Rate}{section.1}% 7
\BOOKMARK [2][-]{subsection.1.5}{Example: Estimating Pi}{section.1}% 8
\BOOKMARK [2][-]{subsection.1.6}{Example: Sandwich Shop Profit}{section.1}% 9
\BOOKMARK [3][-]{subsubsection.1.6.1}{Questions}{subsection.1.6}% 10
\BOOKMARK [1][-]{section.2}{Review \046 Estimating Integrals \(2020/04/09\)}{}% 11
\BOOKMARK [2][-]{subsection.2.1}{Review}{section.2}% 12
\BOOKMARK [3][-]{subsubsection.2.1.1}{Chebyshev Inequality}{subsection.2.1}% 13
\BOOKMARK [3][-]{subsubsection.2.1.2}{Determining N}{subsection.2.1}% 14
\BOOKMARK [2][-]{subsection.2.2}{Estimating Integrals}{section.2}% 15
\BOOKMARK [3][-]{subsubsection.2.2.1}{Example - Normal Probability}{subsection.2.2}% 16
\BOOKMARK [1][-]{section.3}{European Call/Put Options \046 Brownian Motion \(2020/04/16\)}{}% 17
\BOOKMARK [2][-]{subsection.3.1}{Options}{section.3}% 18
\BOOKMARK [3][-]{subsubsection.3.1.1}{Examples}{subsection.3.1}% 19
\BOOKMARK [3][-]{subsubsection.3.1.2}{European Options}{subsection.3.1}% 20
\BOOKMARK [2][-]{subsection.3.2}{Geometric Brownian Motion}{section.3}% 21
\BOOKMARK [3][-]{subsubsection.3.2.1}{Properties}{subsection.3.2}% 22
\BOOKMARK [2][-]{subsection.3.3}{Black-Sholes Formula for Option Prices}{section.3}% 23
\BOOKMARK [3][-]{subsubsection.3.3.1}{Assumptions}{subsection.3.3}% 24
\BOOKMARK [2][-]{subsection.3.4}{Monte Carlo Computation of European Put}{section.3}% 25
\BOOKMARK [1][-]{section.4}{Linear Congruential Generators \046 Inverse Distributions \(2020/04/23\)}{}% 26
\BOOKMARK [2][-]{subsection.4.1}{Linear Congruential Generators}{section.4}% 27
\BOOKMARK [3][-]{subsubsection.4.1.1}{Example 1}{subsection.4.1}% 28
\BOOKMARK [2][-]{subsection.4.2}{Tests for Pseudo random numbers}{section.4}% 29
\BOOKMARK [3][-]{subsubsection.4.2.1}{Collision Test}{subsection.4.2}% 30
\BOOKMARK [2][-]{subsection.4.3}{Inverse Distribution}{section.4}% 31
\BOOKMARK [1][-]{section.5}{Geometric Brownian Motion Explanation \(2020/04/30\)}{}% 32
\BOOKMARK [2][-]{subsection.5.1}{Fair European Put Price}{section.5}% 33
\BOOKMARK [1][-]{section.6}{Random Number Generation pt 2 \(2020/05/07\)}{}% 34
\BOOKMARK [2][-]{subsection.6.1}{Acceptance-Rejection Method}{section.6}% 35
\BOOKMARK [3][-]{subsubsection.6.1.1}{Proof}{subsection.6.1}% 36
\BOOKMARK [3][-]{subsubsection.6.1.2}{Application}{subsection.6.1}% 37
\BOOKMARK [3][-]{subsubsection.6.1.3}{Normal Distribution}{subsection.6.1}% 38
